Using pre-set license
Built from '2021.3/staging' branch; Version is '2021.3.16f1 (4016570cf34f) revision 4200023'; Using compiler version '192829333'; Build Type 'Release'
OS: 'Windows 11  (10.0.22621) 64bit Professional' Language: 'pt' Physical Memory: 14284 MB
BatchMode: 1, IsHumanControllingUs: 0, StartBugReporterOnCrash: 0, Is64bit: 1, IsPro: 1

COMMAND LINE ARGUMENTS:
C:\Program Files\Unity\Hub\Editor\2021.3.16f1\Editor\Unity.exe
-adb2
-batchMode
-noUpm
-name
AssetImportWorker0
-projectPath
E:/Projetos/Cursos/Unity/SwipeAway
-logFile
Logs/AssetImportWorker0.log
-srvPort
2111
Successfully changed project path to: E:/Projetos/Cursos/Unity/SwipeAway
E:/Projetos/Cursos/Unity/SwipeAway
[UnityMemory] Configuration Parameters - Can be set up in boot.config
    "memorysetup-bucket-allocator-granularity=16"
    "memorysetup-bucket-allocator-bucket-count=8"
    "memorysetup-bucket-allocator-block-size=33554432"
    "memorysetup-bucket-allocator-block-count=8"
    "memorysetup-main-allocator-block-size=16777216"
    "memorysetup-thread-allocator-block-size=16777216"
    "memorysetup-gfx-main-allocator-block-size=16777216"
    "memorysetup-gfx-thread-allocator-block-size=16777216"
    "memorysetup-cache-allocator-block-size=4194304"
    "memorysetup-typetree-allocator-block-size=2097152"
    "memorysetup-profiler-bucket-allocator-granularity=16"
    "memorysetup-profiler-bucket-allocator-bucket-count=8"
    "memorysetup-profiler-bucket-allocator-block-size=33554432"
    "memorysetup-profiler-bucket-allocator-block-count=8"
    "memorysetup-profiler-allocator-block-size=16777216"
    "memorysetup-profiler-editor-allocator-block-size=1048576"
    "memorysetup-temp-allocator-size-main=16777216"
    "memorysetup-job-temp-allocator-block-size=2097152"
    "memorysetup-job-temp-allocator-block-size-background=1048576"
    "memorysetup-job-temp-allocator-reduction-small-platforms=262144"
    "memorysetup-temp-allocator-size-background-worker=32768"
    "memorysetup-temp-allocator-size-job-worker=262144"
    "memorysetup-temp-allocator-size-preload-manager=33554432"
    "memorysetup-temp-allocator-size-nav-mesh-worker=65536"
    "memorysetup-temp-allocator-size-audio-worker=65536"
    "memorysetup-temp-allocator-size-cloud-worker=32768"
    "memorysetup-temp-allocator-size-gi-baking-worker=262144"
    "memorysetup-temp-allocator-size-gfx=262144"
Player connection [18936] Host "[IP] 192.168.15.46 [Port] 0 [Flags] 2 [Guid] 571028832 [EditorId] 571028832 [Version] 1048832 [Id] WindowsEditor(7,pocuntador) [Debug] 1 [PackageName] WindowsEditor [ProjectName] Editor" joined multi-casting on [225.0.0.222:54997]...

Player connection [18936] Host "[IP] 192.168.15.46 [Port] 0 [Flags] 2 [Guid] 571028832 [EditorId] 571028832 [Version] 1048832 [Id] WindowsEditor(7,pocuntador) [Debug] 1 [PackageName] WindowsEditor [ProjectName] Editor" joined alternative multi-casting on [225.0.0.222:34997]...

Refreshing native plugins compatible for Editor in 122.55 ms, found 3 plugins.
Preloading 0 native plugins for Editor in 0.00 ms.
Initialize engine version: 2021.3.16f1 (4016570cf34f)
[Subsystems] Discovering subsystems at path C:/Program Files/Unity/Hub/Editor/2021.3.16f1/Editor/Data/Resources/UnitySubsystems
[Subsystems] Discovering subsystems at path E:/Projetos/Cursos/Unity/SwipeAway/Assets
GfxDevice: creating device client; threaded=0; jobified=0
Direct3D:
    Version:  Direct3D 11.0 [level 11.1]
    Renderer: NVIDIA GeForce GTX 1650 (ID=0x1f82)
    Vendor:   NVIDIA
    VRAM:     3950 MB
    Driver:   31.0.15.2756
Initialize mono
Mono path[0] = 'C:/Program Files/Unity/Hub/Editor/2021.3.16f1/Editor/Data/Managed'
Mono path[1] = 'C:/Program Files/Unity/Hub/Editor/2021.3.16f1/Editor/Data/MonoBleedingEdge/lib/mono/unityjit-win32'
Mono config path = 'C:/Program Files/Unity/Hub/Editor/2021.3.16f1/Editor/Data/MonoBleedingEdge/etc'
Using monoOptions --debugger-agent=transport=dt_socket,embedding=1,server=y,suspend=n,address=127.0.0.1:56064
Begin MonoManager ReloadAssembly
Registering precompiled unity dll's ...
Register platform support module: C:/Program Files/Unity/Hub/Editor/2021.3.16f1/Editor/Data/PlaybackEngines/WebGLSupport/UnityEditor.WebGL.Extensions.dll
Register platform support module: C:/Program Files/Unity/Hub/Editor/2021.3.16f1/Editor/Data/PlaybackEngines/AndroidPlayer/UnityEditor.Android.Extensions.dll
Register platform support module: C:/Program Files/Unity/Hub/Editor/2021.3.16f1/Editor/Data/PlaybackEngines/WindowsStandaloneSupport/UnityEditor.WindowsStandalone.Extensions.dll
Registered in 0.010290 seconds.
Native extension for WindowsStandalone target not found
Native extension for Android target not found
Native extension for WebGL target not found
Refreshing native plugins compatible for Editor in 100.97 ms, found 3 plugins.
Preloading 0 native plugins for Editor in 0.00 ms.
Mono: successfully reloaded assembly
- Completed reload, in  0.911 seconds
Domain Reload Profiling:
	ReloadAssembly (912ms)
		BeginReloadAssembly (112ms)
			ExecutionOrderSort (0ms)
			DisableScriptedObjects (0ms)
			BackupInstance (0ms)
			ReleaseScriptingObjects (0ms)
			CreateAndSetChildDomain (1ms)
		EndReloadAssembly (641ms)
			LoadAssemblies (110ms)
			RebuildTransferFunctionScriptingTraits (0ms)
			SetupTypeCache (148ms)
			ReleaseScriptCaches (0ms)
			RebuildScriptCaches (32ms)
			SetupLoadedEditorAssemblies (389ms)
				LogAssemblyErrors (0ms)
				InitializePlatformSupportModulesInManaged (86ms)
				SetLoadedEditorAssemblies (0ms)
				RefreshPlugins (101ms)
				BeforeProcessingInitializeOnLoad (5ms)
				ProcessInitializeOnLoadAttributes (135ms)
				ProcessInitializeOnLoadMethodAttributes (62ms)
				AfterProcessingInitializeOnLoad (0ms)
				EditorAssembliesLoaded (0ms)
			ExecutionOrderSort2 (0ms)
			AwakeInstancesAfterBackupRestoration (0ms)
Platform modules already initialized, skipping
Registering precompiled user dll's ...
Registered in 0.009764 seconds.
Begin MonoManager ReloadAssembly
Symbol file LoadedFromMemory doesn't match image E:\Projetos\Cursos\Unity\SwipeAway\Library\PackageCache\com.unity.visualscripting@1.7.8\Editor\VisualScripting.Core\Dependencies\YamlDotNet\Unity.VisualScripting.YamlDotNet.dll
Symbol file LoadedFromMemory doesn't match image E:\Projetos\Cursos\Unity\SwipeAway\Library\PackageCache\com.unity.visualscripting@1.7.8\Editor\VisualScripting.Core\Dependencies\DotNetZip\Unity.VisualScripting.IonicZip.dll
Native extension for WindowsStandalone target not found
Native extension for Android target not found
Native extension for WebGL target not found
Refreshing native plugins compatible for Editor in 0.71 ms, found 3 plugins.
Preloading 0 native plugins for Editor in 0.00 ms.
Mono: successfully reloaded assembly
- Completed reload, in  1.670 seconds
Domain Reload Profiling:
	ReloadAssembly (1672ms)
		BeginReloadAssembly (281ms)
			ExecutionOrderSort (0ms)
			DisableScriptedObjects (9ms)
			BackupInstance (0ms)
			ReleaseScriptingObjects (0ms)
			CreateAndSetChildDomain (139ms)
		EndReloadAssembly (1213ms)
			LoadAssemblies (136ms)
			RebuildTransferFunctionScriptingTraits (0ms)
			SetupTypeCache (382ms)
			ReleaseScriptCaches (1ms)
			RebuildScriptCaches (72ms)
			SetupLoadedEditorAssemblies (562ms)
				LogAssemblyErrors (0ms)
				InitializePlatformSupportModulesInManaged (23ms)
				SetLoadedEditorAssemblies (1ms)
				RefreshPlugins (1ms)
				BeforeProcessingInitializeOnLoad (127ms)
				ProcessInitializeOnLoadAttributes (360ms)
				ProcessInitializeOnLoadMethodAttributes (37ms)
				AfterProcessingInitializeOnLoad (13ms)
				EditorAssembliesLoaded (0ms)
			ExecutionOrderSort2 (0ms)
			AwakeInstancesAfterBackupRestoration (8ms)
Platform modules already initialized, skipping
========================================================================
Worker process is ready to serve import requests
Launched and connected shader compiler UnityShaderCompiler.exe after 0.07 seconds
Refreshing native plugins compatible for Editor in 0.61 ms, found 3 plugins.
Preloading 0 native plugins for Editor in 0.00 ms.
Unloading 3378 Unused Serialized files (Serialized files now loaded: 0)
Unloading 27 unused Assets / (113.5 KB). Loaded Objects now: 3841.
Memory consumption went from 116.5 MB to 116.4 MB.
Total: 4.761200 ms (FindLiveObjects: 0.409500 ms CreateObjectMapping: 0.185900 ms MarkObjects: 4.029100 ms  DeleteObjects: 0.135300 ms)

AssetImportParameters requested are different than current active one (requested -> active):
  custom:video-decoder-ogg-theora: a1e56fd34408186e4bbccfd4996cb3dc -> 
  custom:container-muxer-webm: aa71ff27fc2769a1b78a27578f13a17b -> 
  custom:container-demuxer-webm: 4f35f7cbe854078d1ac9338744f61a02 -> 
  custom:video-encoder-webm-vp8: eb34c28f22e8b96e1ab97ce403110664 -> 
  custom:audio-encoder-webm-vorbis: bf7c407c2cedff20999df2af8eb42d56 -> 
  custom:framework-win-MediaFoundation: 216162199b28c13a410421893ffa2e32 -> 
  custom:container-demuxer-ogg: 62fdf1f143b41e24485cea50d1cbac27 -> 
  custom:video-decoder-webm-vp8: 9c59270c3fd7afecdb556c50c9e8de78 -> 
  custom:audio-decoder-ogg-vorbis: bf7c407c2cedff20999df2af8eb42d56 -> 
========================================================================
Received Import Request.
  Time since last request: 326466.678504 seconds.
  path: Assets/Prefabs/blue-jelly.prefab
  artifactKey: Guid(1b070fed42897e7418331d0bd6c5d259) Importer(815301076,1909f56bfc062723c751e8b465ee728b)
Start importing Assets/Prefabs/blue-jelly.prefab using Guid(1b070fed42897e7418331d0bd6c5d259) Importer(815301076,1909f56bfc062723c751e8b465ee728b)  -> (artifact id: '482752f991c3dc2941c6c229824f0606') in 0.742616 seconds 
========================================================================
Received Import Request.
  Time since last request: 0.000027 seconds.
  path: Assets/Prefabs/blue-jelly.prefab
  artifactKey: Guid(1b070fed42897e7418331d0bd6c5d259) Importer(815301076,1909f56bfc062723c751e8b465ee728b)
Start importing Assets/Prefabs/blue-jelly.prefab using Guid(1b070fed42897e7418331d0bd6c5d259) Importer(815301076,1909f56bfc062723c751e8b465ee728b)  -> (artifact id: '482752f991c3dc2941c6c229824f0606') in 0.013927 seconds 
========================================================================
Received Import Request.
  Time since last request: 0.000046 seconds.
  path: Assets/Prefabs/red-jelly.prefab
  artifactKey: Guid(c747d05998e4d2e4f99a9e9fbd45868b) Importer(815301076,1909f56bfc062723c751e8b465ee728b)
Start importing Assets/Prefabs/red-jelly.prefab using Guid(c747d05998e4d2e4f99a9e9fbd45868b) Importer(815301076,1909f56bfc062723c751e8b465ee728b)  -> (artifact id: '96d0a6767dcbeb16cfe7e1641178521d') in 0.046473 seconds 
========================================================================
Received Import Request.
  Time since last request: 0.000027 seconds.
  path: Assets/Prefabs/blue-jelly2.prefab
  artifactKey: Guid(be2b73e4e5a97b34bafda5eed8f66d7d) Importer(815301076,1909f56bfc062723c751e8b465ee728b)
Start importing Assets/Prefabs/blue-jelly2.prefab using Guid(be2b73e4e5a97b34bafda5eed8f66d7d) Importer(815301076,1909f56bfc062723c751e8b465ee728b)  -> (artifact id: 'fc32613d8a213e0b808aff85af4920c8') in 0.011285 seconds 
========================================================================
Received Import Request.
  Time since last request: 0.000031 seconds.
  path: Assets/Prefabs/jelly-base.prefab
  artifactKey: Guid(b24b791489a821244b3eec2068fb69a4) Importer(815301076,1909f56bfc062723c751e8b465ee728b)
Start importing Assets/Prefabs/jelly-base.prefab using Guid(b24b791489a821244b3eec2068fb69a4) Importer(815301076,1909f56bfc062723c751e8b465ee728b)  -> (artifact id: '02dc500df69a4355d0d3c14c9c0aa6d8') in 0.017093 seconds 
========================================================================
Received Import Request.
  Time since last request: 0.000024 seconds.
  path: Assets/Prefabs/red-jelly2.prefab
  artifactKey: Guid(269792ea0c4de364899af622fee9775e) Importer(815301076,1909f56bfc062723c751e8b465ee728b)
Start importing Assets/Prefabs/red-jelly2.prefab using Guid(269792ea0c4de364899af622fee9775e) Importer(815301076,1909f56bfc062723c751e8b465ee728b)  -> (artifact id: '8219756f518fc15716f387bb0ab6a2c3') in 0.014658 seconds 
========================================================================
Received Prepare
Registering precompiled user dll's ...
Registered in 0.007079 seconds.
Begin MonoManager ReloadAssembly
Symbol file LoadedFromMemory doesn't match image E:\Projetos\Cursos\Unity\SwipeAway\Library\PackageCache\com.unity.visualscripting@1.7.8\Editor\VisualScripting.Core\Dependencies\YamlDotNet\Unity.VisualScripting.YamlDotNet.dll
Symbol file LoadedFromMemory doesn't match image E:\Projetos\Cursos\Unity\SwipeAway\Library\PackageCache\com.unity.visualscripting@1.7.8\Editor\VisualScripting.Core\Dependencies\DotNetZip\Unity.VisualScripting.IonicZip.dll
Native extension for WindowsStandalone target not found
Native extension for Android target not found
Native extension for WebGL target not found
Refreshing native plugins compatible for Editor in 0.78 ms, found 3 plugins.
Preloading 0 native plugins for Editor in 0.00 ms.
Mono: successfully reloaded assembly
- Completed reload, in  1.392 seconds
Domain Reload Profiling:
	ReloadAssembly (1393ms)
		BeginReloadAssembly (179ms)
			ExecutionOrderSort (0ms)
			DisableScriptedObjects (7ms)
			BackupInstance (0ms)
			ReleaseScriptingObjects (0ms)
			CreateAndSetChildDomain (53ms)
		EndReloadAssembly (1084ms)
			LoadAssemblies (118ms)
			RebuildTransferFunctionScriptingTraits (0ms)
			SetupTypeCache (336ms)
			ReleaseScriptCaches (1ms)
			RebuildScriptCaches (50ms)
			SetupLoadedEditorAssemblies (516ms)
				LogAssemblyErrors (0ms)
				InitializePlatformSupportModulesInManaged (31ms)
				SetLoadedEditorAssemblies (1ms)
				RefreshPlugins (1ms)
				BeforeProcessingInitializeOnLoad (78ms)
				ProcessInitializeOnLoadAttributes (354ms)
				ProcessInitializeOnLoadMethodAttributes (38ms)
				AfterProcessingInitializeOnLoad (12ms)
				EditorAssembliesLoaded (0ms)
			ExecutionOrderSort2 (0ms)
			AwakeInstancesAfterBackupRestoration (10ms)
Platform modules already initialized, skipping
Refreshing native plugins compatible for Editor in 3.67 ms, found 3 plugins.
Preloading 0 native plugins for Editor in 0.00 ms.
Unloading 3373 Unused Serialized files (Serialized files now loaded: 0)
Unloading 20 unused Assets / (79.8 KB). Loaded Objects now: 3854.
Memory consumption went from 120.9 MB to 120.9 MB.
Total: 3.961200 ms (FindLiveObjects: 0.310600 ms CreateObjectMapping: 0.116400 ms MarkObjects: 3.428400 ms  DeleteObjects: 0.104400 ms)

AssetImportParameters requested are different than current active one (requested -> active):
  custom:video-decoder-ogg-theora: a1e56fd34408186e4bbccfd4996cb3dc -> 
  custom:container-muxer-webm: aa71ff27fc2769a1b78a27578f13a17b -> 
  custom:container-demuxer-webm: 4f35f7cbe854078d1ac9338744f61a02 -> 
  custom:video-encoder-webm-vp8: eb34c28f22e8b96e1ab97ce403110664 -> 
  custom:audio-encoder-webm-vorbis: bf7c407c2cedff20999df2af8eb42d56 -> 
  custom:framework-win-MediaFoundation: 216162199b28c13a410421893ffa2e32 -> 
  custom:container-demuxer-ogg: 62fdf1f143b41e24485cea50d1cbac27 -> 
  custom:video-decoder-webm-vp8: 9c59270c3fd7afecdb556c50c9e8de78 -> 
  custom:audio-decoder-ogg-vorbis: bf7c407c2cedff20999df2af8eb42d56 -> 
========================================================================
Received Import Request.
  Time since last request: 1052.454323 seconds.
  path: Assets/Materials/parallax_05.mat
  artifactKey: Guid(ee04ae13bf3669a49bbbd67b2ae4f732) Importer(815301076,1909f56bfc062723c751e8b465ee728b)
Start importing Assets/Materials/parallax_05.mat using Guid(ee04ae13bf3669a49bbbd67b2ae4f732) Importer(815301076,1909f56bfc062723c751e8b465ee728b)  -> (artifact id: '8d86b728465f7f23c0adb7bccafe86a3') in 0.253806 seconds 
========================================================================
Received Import Request.
  Time since last request: 0.663468 seconds.
  path: Assets/Materials/parallax_03.mat
  artifactKey: Guid(0a05aa013d255564c839eee86038ae8a) Importer(815301076,1909f56bfc062723c751e8b465ee728b)
Start importing Assets/Materials/parallax_03.mat using Guid(0a05aa013d255564c839eee86038ae8a) Importer(815301076,1909f56bfc062723c751e8b465ee728b)  -> (artifact id: '7ee832580101aa59faecb8ba521b3f51') in 0.019631 seconds 
========================================================================
Received Import Request.
  Time since last request: 0.000022 seconds.
  path: Assets/Materials/parallax_04.mat
  artifactKey: Guid(ae8a5d6bda4483a44819945b07a695ba) Importer(815301076,1909f56bfc062723c751e8b465ee728b)
Start importing Assets/Materials/parallax_04.mat using Guid(ae8a5d6bda4483a44819945b07a695ba) Importer(815301076,1909f56bfc062723c751e8b465ee728b)  -> (artifact id: 'e5350d9de9dfc2b393adc370dd09bdb3') in 0.017992 seconds 
========================================================================
Received Import Request.
  Time since last request: 0.027241 seconds.
  path: Assets/Materials/parallax_01.mat
  artifactKey: Guid(86e354bdd91f8b14fa97d7ae2ea3112e) Importer(815301076,1909f56bfc062723c751e8b465ee728b)
Start importing Assets/Materials/parallax_01.mat using Guid(86e354bdd91f8b14fa97d7ae2ea3112e) Importer(815301076,1909f56bfc062723c751e8b465ee728b)  -> (artifact id: 'e641d25b4fa90c30b2100bd05fff5f79') in 0.016267 seconds 
========================================================================
Received Import Request.
  Time since last request: 0.000029 seconds.
  path: Assets/Materials/parallax_02.mat
  artifactKey: Guid(cd19486d9b8753e43837d189f7785850) Importer(815301076,1909f56bfc062723c751e8b465ee728b)
Start importing Assets/Materials/parallax_02.mat using Guid(cd19486d9b8753e43837d189f7785850) Importer(815301076,1909f56bfc062723c751e8b465ee728b)  -> (artifact id: '23a1fac99cf16f593481cd1d56e4de91') in 0.127184 seconds 
========================================================================
Received Import Request.
  Time since last request: 81.479028 seconds.
  path: Assets/Materials/outside.mat
  artifactKey: Guid(b21c8546b694c364aa8adbbba5bea64b) Importer(815301076,1909f56bfc062723c751e8b465ee728b)
Start importing Assets/Materials/outside.mat using Guid(b21c8546b694c364aa8adbbba5bea64b) Importer(815301076,1909f56bfc062723c751e8b465ee728b)  -> (artifact id: '704e4dd563ae5269dc760d0fa19ad027') in 0.031300 seconds 
========================================================================
Received Import Request.
  Time since last request: 33.001572 seconds.
  path: Assets/Materials/red-juice.mat
  artifactKey: Guid(b1f57a05de413964b8dbae32bcf35fbc) Importer(815301076,1909f56bfc062723c751e8b465ee728b)
Start importing Assets/Materials/red-juice.mat using Guid(b1f57a05de413964b8dbae32bcf35fbc) Importer(815301076,1909f56bfc062723c751e8b465ee728b)  -> (artifact id: '18beb28a1cda3d722e7005d87cf5726e') in 0.017454 seconds 
========================================================================
Received Import Request.
  Time since last request: 55.373093 seconds.
  path: Assets/Materials/red-juice.mat
  artifactKey: Guid(b1f57a05de413964b8dbae32bcf35fbc) Importer(815301076,1909f56bfc062723c751e8b465ee728b)
Start importing Assets/Materials/red-juice.mat using Guid(b1f57a05de413964b8dbae32bcf35fbc) Importer(815301076,1909f56bfc062723c751e8b465ee728b)  -> (artifact id: 'b24e2a54b8019e9e82a3086e1ec830c1') in 0.037333 seconds 
========================================================================
Received Import Request.
  Time since last request: 9.010346 seconds.
  path: Assets/Materials/blue-juice.mat
  artifactKey: Guid(2c623cfad3727f8438c6d07d4bfd73e9) Importer(815301076,1909f56bfc062723c751e8b465ee728b)
Start importing Assets/Materials/blue-juice.mat using Guid(2c623cfad3727f8438c6d07d4bfd73e9) Importer(815301076,1909f56bfc062723c751e8b465ee728b)  -> (artifact id: '15663266a4a1ab9631672a524175fcf4') in 0.032167 seconds 
========================================================================
Received Import Request.
  Time since last request: 35.338346 seconds.
  path: Assets/Prefabs/blue-jelly.prefab
  artifactKey: Guid(1b070fed42897e7418331d0bd6c5d259) Importer(815301076,1909f56bfc062723c751e8b465ee728b)
Start importing Assets/Prefabs/blue-jelly.prefab using Guid(1b070fed42897e7418331d0bd6c5d259) Importer(815301076,1909f56bfc062723c751e8b465ee728b)  -> (artifact id: '525c0241d2980d9499f6a73e1abd8d8a') in 0.039996 seconds 
========================================================================
Received Import Request.
  Time since last request: 0.000034 seconds.
  path: Assets/Prefabs/red-jelly.prefab
  artifactKey: Guid(c747d05998e4d2e4f99a9e9fbd45868b) Importer(815301076,1909f56bfc062723c751e8b465ee728b)
Start importing Assets/Prefabs/red-jelly.prefab using Guid(c747d05998e4d2e4f99a9e9fbd45868b) Importer(815301076,1909f56bfc062723c751e8b465ee728b)  -> (artifact id: 'e7e4ac7e3176df24629848365bc15cb7') in 0.038946 seconds 
========================================================================
Received Import Request.
  Time since last request: 0.000031 seconds.
  path: Assets/Prefabs/jelly-base.prefab
  artifactKey: Guid(b24b791489a821244b3eec2068fb69a4) Importer(815301076,1909f56bfc062723c751e8b465ee728b)
Start importing Assets/Prefabs/jelly-base.prefab using Guid(b24b791489a821244b3eec2068fb69a4) Importer(815301076,1909f56bfc062723c751e8b465ee728b)  -> (artifact id: 'ccc575dfd4da0112e3aaa3e01a2178a0') in 0.016029 seconds 
========================================================================
Received Import Request.
  Time since last request: 24.996189 seconds.
  path: Assets/Materials/blue-juice.mat
  artifactKey: Guid(2c623cfad3727f8438c6d07d4bfd73e9) Importer(815301076,1909f56bfc062723c751e8b465ee728b)
Start importing Assets/Materials/blue-juice.mat using Guid(2c623cfad3727f8438c6d07d4bfd73e9) Importer(815301076,1909f56bfc062723c751e8b465ee728b)  -> (artifact id: '478e424497ec6e626f17674846435717') in 0.275716 seconds 
========================================================================
Received Import Request.
  Time since last request: 3.872551 seconds.
  path: Assets/Prefabs/blue-jelly.prefab
  artifactKey: Guid(1b070fed42897e7418331d0bd6c5d259) Importer(815301076,1909f56bfc062723c751e8b465ee728b)
Start importing Assets/Prefabs/blue-jelly.prefab using Guid(1b070fed42897e7418331d0bd6c5d259) Importer(815301076,1909f56bfc062723c751e8b465ee728b)  -> (artifact id: '5f6cdbf79128168972adccd321056be6') in 0.015892 seconds 
========================================================================
Received Prepare
Registering precompiled user dll's ...
Registered in 0.006838 seconds.
Begin MonoManager ReloadAssembly
Symbol file LoadedFromMemory doesn't match image E:\Projetos\Cursos\Unity\SwipeAway\Library\PackageCache\com.unity.visualscripting@1.7.8\Editor\VisualScripting.Core\Dependencies\YamlDotNet\Unity.VisualScripting.YamlDotNet.dll
Symbol file LoadedFromMemory doesn't match image E:\Projetos\Cursos\Unity\SwipeAway\Library\PackageCache\com.unity.visualscripting@1.7.8\Editor\VisualScripting.Core\Dependencies\DotNetZip\Unity.VisualScripting.IonicZip.dll
Native extension for WindowsStandalone target not found
Native extension for Android target not found
Native extension for WebGL target not found
Refreshing native plugins compatible for Editor in 0.73 ms, found 3 plugins.
Preloading 0 native plugins for Editor in 0.00 ms.
Mono: successfully reloaded assembly
- Completed reload, in  1.586 seconds
Domain Reload Profiling:
	ReloadAssembly (1587ms)
		BeginReloadAssembly (185ms)
			ExecutionOrderSort (0ms)
			DisableScriptedObjects (8ms)
			BackupInstance (0ms)
			ReleaseScriptingObjects (0ms)
			CreateAndSetChildDomain (48ms)
		EndReloadAssembly (1268ms)
			LoadAssemblies (141ms)
			RebuildTransferFunctionScriptingTraits (0ms)
			SetupTypeCache (398ms)
			ReleaseScriptCaches (2ms)
			RebuildScriptCaches (66ms)
			SetupLoadedEditorAssemblies (584ms)
				LogAssemblyErrors (0ms)
				InitializePlatformSupportModulesInManaged (39ms)
				SetLoadedEditorAssemblies (1ms)
				RefreshPlugins (1ms)
				BeforeProcessingInitializeOnLoad (93ms)
				ProcessInitializeOnLoadAttributes (399ms)
				ProcessInitializeOnLoadMethodAttributes (39ms)
				AfterProcessingInitializeOnLoad (11ms)
				EditorAssembliesLoaded (0ms)
			ExecutionOrderSort2 (0ms)
			AwakeInstancesAfterBackupRestoration (10ms)
Platform modules already initialized, skipping
Refreshing native plugins compatible for Editor in 2.18 ms, found 3 plugins.
Preloading 0 native plugins for Editor in 0.00 ms.
Unloading 3373 Unused Serialized files (Serialized files now loaded: 0)
Unloading 20 unused Assets / (79.8 KB). Loaded Objects now: 3891.
Memory consumption went from 121.2 MB to 121.1 MB.
Total: 3.236000 ms (FindLiveObjects: 0.269700 ms CreateObjectMapping: 0.075700 ms MarkObjects: 2.776200 ms  DeleteObjects: 0.113000 ms)

AssetImportParameters requested are different than current active one (requested -> active):
  custom:video-decoder-ogg-theora: a1e56fd34408186e4bbccfd4996cb3dc -> 
  custom:container-muxer-webm: aa71ff27fc2769a1b78a27578f13a17b -> 
  custom:container-demuxer-webm: 4f35f7cbe854078d1ac9338744f61a02 -> 
  custom:video-encoder-webm-vp8: eb34c28f22e8b96e1ab97ce403110664 -> 
  custom:audio-encoder-webm-vorbis: bf7c407c2cedff20999df2af8eb42d56 -> 
  custom:framework-win-MediaFoundation: 216162199b28c13a410421893ffa2e32 -> 
  custom:container-demuxer-ogg: 62fdf1f143b41e24485cea50d1cbac27 -> 
  custom:video-decoder-webm-vp8: 9c59270c3fd7afecdb556c50c9e8de78 -> 
  custom:audio-decoder-ogg-vorbis: bf7c407c2cedff20999df2af8eb42d56 -> 
